{"subjid": "999", "fullscreen": false, "timestamp": "2017-12-19_12-35-15", "quit_key": "q", "logfilename": "999_2017-12-19_12-35-15.log", "text_color": [1, 1, 1], "datafilename": "999_2017-12-19_12-35-15.pkl", "text_stim": null, "save_dir": "Data", "trigger_key": "5", "win": [], "window_dims": [1920, 1080]}
{"rt": 0.7242751121520996, "stim_file": "images/5.png", "secondary_responses": [], "trialnum": 1, "stim_index": 13, "response": "unrot", "onset": 8.296966552734375e-05, "exp_stage": "familiarization_test", "duration": null, "rotation": 0.0, "secondary_rts": [], "correct": true}
{"rt": 0.5347449779510498, "stim_file": "images/4.png", "secondary_responses": [], "trialnum": 2, "stim_index": 6, "response": "unrot", "onset": 0.7579209804534912, "exp_stage": "familiarization_test", "duration": null, "rotation": 0.0, "secondary_rts": [], "correct": true}
{"rt": 2.6190929412841797, "stim_file": "images/15.png", "secondary_responses": [], "trialnum": 3, "stim_index": 0, "response": "rot", "onset": 1.3189399242401123, "exp_stage": "familiarization_test", "duration": null, "rotation": 90.0, "secondary_rts": [], "correct": true}
{"rt": 0.762829065322876, "stim_file": "images/1.png", "secondary_responses": [], "trialnum": 4, "stim_index": 11, "response": "unrot", "onset": 3.9705021381378174, "exp_stage": "familiarization_test", "duration": null, "rotation": 0.0, "secondary_rts": [], "correct": true}
{"rt": 0.824254035949707, "stim_file": "images/10.png", "secondary_responses": [], "trialnum": 5, "stim_index": 1, "response": "unrot", "onset": 4.7673869132995605, "exp_stage": "familiarization_test", "duration": null, "rotation": 0.0, "secondary_rts": [], "correct": true}
{"rt": 0.7006919384002686, "stim_file": "images/11.png", "secondary_responses": [], "trialnum": 6, "stim_index": 4, "response": "unrot", "onset": 5.628504991531372, "exp_stage": "familiarization_test", "duration": null, "rotation": 0.0, "secondary_rts": [], "correct": true}
{"rt": 0.6836659908294678, "stim_file": "images/3.png", "secondary_responses": [], "trialnum": 7, "stim_index": 7, "response": "rot", "onset": 6.355654954910278, "exp_stage": "familiarization_test", "duration": null, "rotation": 90.0, "secondary_rts": [], "correct": true}
{"rt": 0.6275269985198975, "stim_file": "images/7.png", "secondary_responses": [], "trialnum": 8, "stim_index": 5, "response": "unrot", "onset": 7.072683095932007, "exp_stage": "familiarization_test", "duration": null, "rotation": 0.0, "secondary_rts": [], "correct": true}
{"rt": 0.5530390739440918, "stim_file": "images/14.png", "secondary_responses": [], "trialnum": 9, "stim_index": 3, "response": "unrot", "onset": 7.73366904258728, "exp_stage": "familiarization_test", "duration": null, "rotation": 0.0, "secondary_rts": [], "correct": true}
{"rt": 0.6113541126251221, "stim_file": "images/6.png", "secondary_responses": [], "trialnum": 10, "stim_index": 12, "response": "unrot", "onset": 8.309745073318481, "exp_stage": "familiarization_test", "duration": null, "rotation": 0.0, "secondary_rts": [], "correct": true}
{"rt": 0.6685740947723389, "stim_file": "images/9.png", "secondary_responses": [], "trialnum": 11, "stim_index": 10, "response": "rot", "onset": 8.952033042907715, "exp_stage": "familiarization_test", "duration": null, "rotation": 90.0, "secondary_rts": [], "correct": true}
{"rt": 0.5049648284912109, "stim_file": "images/12.png", "secondary_responses": [], "trialnum": 12, "stim_index": 8, "response": "unrot", "onset": 9.643031120300293, "exp_stage": "familiarization_test", "duration": null, "rotation": 0.0, "secondary_rts": [], "correct": true}
{"rt": 0.7173550128936768, "stim_file": "images/13.png", "secondary_responses": [], "trialnum": 13, "stim_index": 14, "response": "unrot", "onset": 10.180079936981201, "exp_stage": "familiarization_test", "duration": null, "rotation": 0.0, "secondary_rts": [], "correct": true}
{"rt": 0.7637829780578613, "stim_file": "images/2.png", "secondary_responses": [], "trialnum": 14, "stim_index": 2, "response": "unrot", "onset": 10.926213026046753, "exp_stage": "familiarization_test", "duration": null, "rotation": 0.0, "secondary_rts": [], "correct": true}
{"rt": 0.6567831039428711, "stim_file": "images/8.png", "secondary_responses": [], "trialnum": 15, "stim_index": 9, "response": "unrot", "onset": 11.723359107971191, "exp_stage": "familiarization_test", "duration": null, "rotation": 0.0, "secondary_rts": [], "correct": true}
{"rt": 1.3918778896331787, "stim_file": "images/11.png", "secondary_responses": [], "trialnum": 16, "stim_index": 4, "response": "unrot", "onset": 2.068434000015259, "exp_stage": "structure_learning", "duration": 1.5, "rotation": 0, "secondary_rts": [], "correct": true}
{"rt": -1, "stim_file": "images/10.png", "secondary_responses": [], "trialnum": 17, "stim_index": 1, "response": -1, "onset": 3.601963996887207, "exp_stage": "structure_learning", "duration": 1.5, "rotation": 0, "secondary_rts": [], "correct": false}
{"rt": 0.7708148956298828, "stim_file": "images/11.png", "secondary_responses": [], "trialnum": 18, "stim_index": 4, "response": "unrot", "onset": 3.0994415283203125e-05, "exp_stage": "structure_learning", "duration": 1.5, "rotation": 0, "secondary_rts": [], "correct": true}
{"rt": 0.6873149871826172, "stim_file": "images/7.png", "secondary_responses": [], "trialnum": 19, "stim_index": 5, "response": "rot", "onset": 2.8848648071289062e-05, "exp_stage": "structure_learning", "duration": 1.5, "rotation": 0, "secondary_rts": [], "correct": false}
