{"subjid": "999", "expid": "structure", "fullscreen": false, "timestamp": "2017-12-19_12-50-25", "quit_key": "q", "logfilename": "999_structure_2017-12-19_12-50-25.log", "text_color": [1, 1, 1], "datafilename": "999_structure_2017-12-19_12-50-25.pkl", "text_stim": null, "save_dir": "Data", "trigger_key": "5", "win": [], "window_dims": [1920, 1080]}
{"rt": 0.6440670490264893, "stim_file": "images/10.png", "secondary_responses": [], "trialnum": 1, "stim_index": 6, "response": "unrot", "onset": 7.104873657226562e-05, "exp_stage": "familiarization_test", "duration": null, "rotation": 0.0, "secondary_rts": [], "correct": true}
{"rt": 0.5078558921813965, "stim_file": "images/12.png", "secondary_responses": [], "trialnum": 2, "stim_index": 0, "response": "unrot", "onset": 0.6777160167694092, "exp_stage": "familiarization_test", "duration": null, "rotation": 0.0, "secondary_rts": [], "correct": true}
{"rt": 0.5751879215240479, "stim_file": "images/3.png", "secondary_responses": [], "trialnum": 3, "stim_index": 12, "response": "unrot", "onset": 1.2086410522460938, "exp_stage": "familiarization_test", "duration": null, "rotation": 0.0, "secondary_rts": [], "correct": true}
{"rt": 0.8418748378753662, "stim_file": "images/15.png", "secondary_responses": [], "trialnum": 4, "stim_index": 10, "response": "unrot", "onset": 1.8098270893096924, "exp_stage": "familiarization_test", "duration": null, "rotation": 0.0, "secondary_rts": [], "correct": true}
{"rt": 0.6710550785064697, "stim_file": "images/14.png", "secondary_responses": [], "trialnum": 5, "stim_index": 1, "response": "rot", "onset": 2.677104949951172, "exp_stage": "familiarization_test", "duration": null, "rotation": 90.0, "secondary_rts": [], "correct": true}
{"rt": 0.7019498348236084, "stim_file": "images/4.png", "secondary_responses": [], "trialnum": 6, "stim_index": 13, "response": "rot", "onset": 3.3740429878234863, "exp_stage": "familiarization_test", "duration": null, "rotation": 90.0, "secondary_rts": [], "correct": true}
{"rt": 0.5001580715179443, "stim_file": "images/6.png", "secondary_responses": [], "trialnum": 7, "stim_index": 2, "response": "unrot", "onset": 4.10504412651062, "exp_stage": "familiarization_test", "duration": null, "rotation": 0.0, "secondary_rts": [], "correct": true}
{"rt": 0.5573301315307617, "stim_file": "images/13.png", "secondary_responses": [], "trialnum": 8, "stim_index": 14, "response": "unrot", "onset": 4.6372880935668945, "exp_stage": "familiarization_test", "duration": null, "rotation": 0.0, "secondary_rts": [], "correct": true}
{"rt": 0.7807669639587402, "stim_file": "images/11.png", "secondary_responses": [], "trialnum": 9, "stim_index": 7, "response": "unrot", "onset": 5.228187084197998, "exp_stage": "familiarization_test", "duration": null, "rotation": 0.0, "secondary_rts": [], "correct": true}
{"rt": 1.25307297706604, "stim_file": "images/8.png", "secondary_responses": [], "trialnum": 10, "stim_index": 3, "response": "rot", "onset": 6.035429954528809, "exp_stage": "familiarization_test", "duration": null, "rotation": 0.0, "secondary_rts": [], "correct": false}
{"rt": 0.649770975112915, "stim_file": "images/7.png", "secondary_responses": [], "trialnum": 11, "stim_index": 9, "response": "unrot", "onset": 7.308504104614258, "exp_stage": "familiarization_test", "duration": null, "rotation": 90.0, "secondary_rts": [], "correct": false}
{"rt": 0.6880161762237549, "stim_file": "images/1.png", "secondary_responses": [], "trialnum": 12, "stim_index": 5, "response": "unrot", "onset": 7.98956298828125, "exp_stage": "familiarization_test", "duration": null, "rotation": 0.0, "secondary_rts": [], "correct": true}
{"rt": 0.5468270778656006, "stim_file": "images/9.png", "secondary_responses": [], "trialnum": 13, "stim_index": 4, "response": "unrot", "onset": 8.71166706085205, "exp_stage": "familiarization_test", "duration": null, "rotation": 0.0, "secondary_rts": [], "correct": true}
{"rt": 0.5406789779663086, "stim_file": "images/2.png", "secondary_responses": [], "trialnum": 14, "stim_index": 8, "response": "unrot", "onset": 9.28779911994934, "exp_stage": "familiarization_test", "duration": null, "rotation": 0.0, "secondary_rts": [], "correct": true}
{"rt": 0.5156810283660889, "stim_file": "images/5.png", "secondary_responses": [], "trialnum": 15, "stim_index": 11, "response": "unrot", "onset": 9.848911046981812, "exp_stage": "familiarization_test", "duration": null, "rotation": 0.0, "secondary_rts": [], "correct": true}
{"rt": 0.6061639785766602, "stim_file": "images/8.png", "secondary_responses": [], "trialnum": 16, "stim_index": 3, "response": "unrot", "onset": 10.391019105911255, "exp_stage": "familiarization_test", "duration": null, "rotation": 0.0, "secondary_rts": [], "correct": true}
{"rt": 0.4434201717376709, "stim_file": "images/6.png", "secondary_responses": [], "trialnum": 17, "stim_index": 2, "response": "unrot", "onset": 11.03188705444336, "exp_stage": "familiarization_test", "duration": null, "rotation": 0.0, "secondary_rts": [], "correct": true}
{"rt": 0.6034591197967529, "stim_file": "images/11.png", "secondary_responses": [], "trialnum": 18, "stim_index": 7, "response": "unrot", "onset": 11.502928018569946, "exp_stage": "familiarization_test", "duration": null, "rotation": 90.0, "secondary_rts": [], "correct": false}
{"rt": 0.6105570793151855, "stim_file": "images/9.png", "secondary_responses": [], "trialnum": 19, "stim_index": 4, "response": "unrot", "onset": 12.13007402420044, "exp_stage": "familiarization_test", "duration": null, "rotation": 0.0, "secondary_rts": [], "correct": true}
{"rt": 0.5808749198913574, "stim_file": "images/13.png", "secondary_responses": [], "trialnum": 20, "stim_index": 14, "response": "unrot", "onset": 12.771163940429688, "exp_stage": "familiarization_test", "duration": null, "rotation": 0.0, "secondary_rts": [], "correct": true}
{"rt": 0.5943970680236816, "stim_file": "images/4.png", "secondary_responses": [], "trialnum": 21, "stim_index": 13, "response": "unrot", "onset": 13.375339031219482, "exp_stage": "familiarization_test", "duration": null, "rotation": 0.0, "secondary_rts": [], "correct": true}
{"rt": 0.5333590507507324, "stim_file": "images/3.png", "secondary_responses": [], "trialnum": 22, "stim_index": 12, "response": "unrot", "onset": 13.989360094070435, "exp_stage": "familiarization_test", "duration": null, "rotation": 0.0, "secondary_rts": [], "correct": true}
{"rt": 0.48727893829345703, "stim_file": "images/1.png", "secondary_responses": [], "trialnum": 23, "stim_index": 5, "response": "unrot", "onset": 14.545434951782227, "exp_stage": "familiarization_test", "duration": null, "rotation": 90.0, "secondary_rts": [], "correct": false}
{"rt": 0.5922691822052002, "stim_file": "images/15.png", "secondary_responses": [], "trialnum": 24, "stim_index": 10, "response": "unrot", "onset": 15.06644606590271, "exp_stage": "familiarization_test", "duration": null, "rotation": 0.0, "secondary_rts": [], "correct": true}
{"rt": 0.4807429313659668, "stim_file": "images/14.png", "secondary_responses": [], "trialnum": 25, "stim_index": 1, "response": "unrot", "onset": 15.688591003417969, "exp_stage": "familiarization_test", "duration": null, "rotation": 0.0, "secondary_rts": [], "correct": true}
{"rt": 0.5466301441192627, "stim_file": "images/12.png", "secondary_responses": [], "trialnum": 26, "stim_index": 0, "response": "unrot", "onset": 16.194600105285645, "exp_stage": "familiarization_test", "duration": null, "rotation": 0.0, "secondary_rts": [], "correct": true}
{"rt": 0.5255329608917236, "stim_file": "images/2.png", "secondary_responses": [], "trialnum": 27, "stim_index": 8, "response": "unrot", "onset": 16.76068615913391, "exp_stage": "familiarization_test", "duration": null, "rotation": 0.0, "secondary_rts": [], "correct": true}
{"rt": 0.9772078990936279, "stim_file": "images/5.png", "secondary_responses": [], "trialnum": 28, "stim_index": 11, "response": "rot", "onset": 17.306658029556274, "exp_stage": "familiarization_test", "duration": null, "rotation": 90.0, "secondary_rts": [], "correct": true}
{"rt": 0.4783511161804199, "stim_file": "images/10.png", "secondary_responses": [], "trialnum": 29, "stim_index": 6, "response": "unrot", "onset": 18.308872938156128, "exp_stage": "familiarization_test", "duration": null, "rotation": 0.0, "secondary_rts": [], "correct": true}
{"rt": 0.8750319480895996, "stim_file": "images/7.png", "secondary_responses": [], "trialnum": 30, "stim_index": 9, "response": "unrot", "onset": 18.81095314025879, "exp_stage": "familiarization_test", "duration": null, "rotation": 0.0, "secondary_rts": [], "correct": true}
{"rt": 0.535222053527832, "stim_file": "images/15.png", "secondary_responses": [], "trialnum": 31, "stim_index": 10, "response": "unrot", "onset": 19.7082040309906, "exp_stage": "familiarization_test", "duration": null, "rotation": 0.0, "secondary_rts": [], "correct": true}
{"rt": 0.8352499008178711, "stim_file": "images/8.png", "secondary_responses": [], "trialnum": 32, "stim_index": 3, "response": "unrot", "onset": 20.269263982772827, "exp_stage": "familiarization_test", "duration": null, "rotation": 0.0, "secondary_rts": [], "correct": true}
{"rt": 0.5134341716766357, "stim_file": "images/4.png", "secondary_responses": [], "trialnum": 33, "stim_index": 13, "response": "unrot", "onset": 21.136209964752197, "exp_stage": "familiarization_test", "duration": null, "rotation": 0.0, "secondary_rts": [], "correct": true}
{"rt": 0.5261650085449219, "stim_file": "images/9.png", "secondary_responses": [], "trialnum": 34, "stim_index": 4, "response": "unrot", "onset": 21.682228088378906, "exp_stage": "familiarization_test", "duration": null, "rotation": 0.0, "secondary_rts": [], "correct": true}
{"rt": 0.6828248500823975, "stim_file": "images/7.png", "secondary_responses": [], "trialnum": 35, "stim_index": 9, "response": "unrot", "onset": 22.228320121765137, "exp_stage": "familiarization_test", "duration": null, "rotation": 0.0, "secondary_rts": [], "correct": true}
{"rt": 0.551616907119751, "stim_file": "images/12.png", "secondary_responses": [], "trialnum": 36, "stim_index": 0, "response": "unrot", "onset": 22.935448169708252, "exp_stage": "familiarization_test", "duration": null, "rotation": 0.0, "secondary_rts": [], "correct": true}
{"rt": 0.7998678684234619, "stim_file": "images/1.png", "secondary_responses": [], "trialnum": 37, "stim_index": 5, "response": "rot", "onset": 23.521536111831665, "exp_stage": "familiarization_test", "duration": null, "rotation": 90.0, "secondary_rts": [], "correct": true}
{"rt": 0.4819331169128418, "stim_file": "images/6.png", "secondary_responses": [], "trialnum": 38, "stim_index": 2, "response": "unrot", "onset": 24.35354995727539, "exp_stage": "familiarization_test", "duration": null, "rotation": 0.0, "secondary_rts": [], "correct": true}
{"rt": 0.7469191551208496, "stim_file": "images/14.png", "secondary_responses": [], "trialnum": 39, "stim_index": 1, "response": "rot", "onset": 24.869707107543945, "exp_stage": "familiarization_test", "duration": null, "rotation": 90.0, "secondary_rts": [], "correct": true}
{"rt": 0.7266650199890137, "stim_file": "images/2.png", "secondary_responses": [], "trialnum": 40, "stim_index": 8, "response": "unrot", "onset": 25.651777982711792, "exp_stage": "familiarization_test", "duration": null, "rotation": 0.0, "secondary_rts": [], "correct": true}
{"rt": 0.4721710681915283, "stim_file": "images/13.png", "secondary_responses": [], "trialnum": 41, "stim_index": 14, "response": "unrot", "onset": 26.39880895614624, "exp_stage": "familiarization_test", "duration": null, "rotation": 0.0, "secondary_rts": [], "correct": true}
{"rt": 0.5727300643920898, "stim_file": "images/3.png", "secondary_responses": [], "trialnum": 42, "stim_index": 12, "response": "unrot", "onset": 26.89499807357788, "exp_stage": "familiarization_test", "duration": null, "rotation": 0.0, "secondary_rts": [], "correct": true}
{"rt": 0.6540260314941406, "stim_file": "images/10.png", "secondary_responses": [], "trialnum": 43, "stim_index": 6, "response": "rot", "onset": 27.495927095413208, "exp_stage": "familiarization_test", "duration": null, "rotation": 90.0, "secondary_rts": [], "correct": true}
{"rt": 0.5064728260040283, "stim_file": "images/5.png", "secondary_responses": [], "trialnum": 44, "stim_index": 11, "response": "unrot", "onset": 28.17820405960083, "exp_stage": "familiarization_test", "duration": null, "rotation": 0.0, "secondary_rts": [], "correct": true}
{"rt": 0.523813009262085, "stim_file": "images/11.png", "secondary_responses": [], "trialnum": 45, "stim_index": 7, "response": "unrot", "onset": 28.71410894393921, "exp_stage": "familiarization_test", "duration": null, "rotation": 0.0, "secondary_rts": [], "correct": true}
{"rt": 0.4989018440246582, "stim_file": "images/13.png", "secondary_responses": [], "trialnum": 46, "stim_index": 14, "response": "unrot", "onset": 2.0677080154418945, "exp_stage": "structure_learning", "duration": 1.5, "rotation": 0, "secondary_rts": [], "correct": true}
{"rt": 0.4836289882659912, "stim_file": "images/4.png", "secondary_responses": [], "trialnum": 47, "stim_index": 13, "response": "unrot", "onset": 3.601369857788086, "exp_stage": "structure_learning", "duration": 1.5, "rotation": 0, "secondary_rts": [], "correct": true}
{"rt": -1, "stim_file": "images/15.png", "secondary_responses": [], "trialnum": 48, "stim_index": 10, "response": -1, "onset": 5.135846853256226, "exp_stage": "structure_learning", "duration": 1.5, "rotation": 0, "secondary_rts": [], "correct": false}
{"rt": 0.8379299640655518, "stim_file": "images/4.png", "secondary_responses": [], "trialnum": 49, "stim_index": 13, "response": "unrot", "onset": 7.170907020568848, "exp_stage": "structure_learning", "duration": 1.5, "rotation": 90, "secondary_rts": [], "correct": false}
{"rt": 0.8215420246124268, "stim_file": "images/3.png", "secondary_responses": [], "trialnum": 50, "stim_index": 12, "response": "rot", "onset": 3.3855438232421875e-05, "exp_stage": "structure_learning", "duration": 1.5, "rotation": 0, "secondary_rts": [], "correct": false}
{"rt": -1, "stim_file": "images/13.png", "secondary_responses": [], "trialnum": 51, "stim_index": 14, "response": -1, "onset": 1.5336248874664307, "exp_stage": "structure_learning", "duration": 1.5, "rotation": 0, "secondary_rts": [], "correct": false}
{"rt": 0.4092400074005127, "stim_file": "images/3.png", "secondary_responses": [], "trialnum": 52, "stim_index": 12, "response": "unrot", "onset": 3.5685830116271973, "exp_stage": "structure_learning", "duration": 1.5, "rotation": 0, "secondary_rts": [], "correct": true}
{"rt": 0.5918350219726562, "stim_file": "images/4.png", "secondary_responses": [], "trialnum": 53, "stim_index": 13, "response": "unrot", "onset": 3.2901763916015625e-05, "exp_stage": "structure_learning", "duration": 1.5, "rotation": 0, "secondary_rts": [], "correct": true}
{"rt": 0.35938501358032227, "stim_file": "images/15.png", "secondary_responses": [], "trialnum": 54, "stim_index": 10, "response": "unrot", "onset": 1.5335841178894043, "exp_stage": "structure_learning", "duration": 1.5, "rotation": 0, "secondary_rts": [], "correct": true}
